0 info it worked if it ends with ok
1 verbose cli [ '/usr/local/Cellar/node/6.3.0/bin/node',
1 verbose cli   '/usr/local/bin/npm',
1 verbose cli   'publish' ]
2 info using npm@3.10.3
3 info using node@v6.3.0
4 verbose publish [ '.' ]
5 silly cache add args [ '.', null ]
6 verbose cache add spec .
7 silly cache add parsed spec Result {
7 silly cache add   raw: '.',
7 silly cache add   scope: null,
7 silly cache add   escapedName: null,
7 silly cache add   name: null,
7 silly cache add   rawSpec: '.',
7 silly cache add   spec: '/Users/Air/Documents/Project/ReactNative/Wigsbuy/node_modules/react-native-worldpay',
7 silly cache add   type: 'directory' }
8 verbose addLocalDirectory /Users/Air/.npm/react-native-worldpay/1.0.6/package.tgz not in flight; packing
9 verbose correctMkdir /Users/Air/.npm correctMkdir not in flight; initializing
10 info lifecycle react-native-worldpay@1.0.6~prepublish: react-native-worldpay@1.0.6
11 silly lifecycle react-native-worldpay@1.0.6~prepublish: no script for prepublish, continuing
12 verbose tar pack [ '/Users/Air/.npm/react-native-worldpay/1.0.6/package.tgz',
12 verbose tar pack   '/Users/Air/Documents/Project/ReactNative/Wigsbuy/node_modules/react-native-worldpay' ]
13 verbose tarball /Users/Air/.npm/react-native-worldpay/1.0.6/package.tgz
14 verbose folder /Users/Air/Documents/Project/ReactNative/Wigsbuy/node_modules/react-native-worldpay
15 verbose addLocalTarball adding from inside cache /Users/Air/.npm/react-native-worldpay/1.0.6/package.tgz
16 verbose correctMkdir /Users/Air/.npm correctMkdir not in flight; initializing
17 silly cache afterAdd react-native-worldpay@1.0.6
18 verbose afterAdd /Users/Air/.npm/react-native-worldpay/1.0.6/package/package.json not in flight; writing
19 verbose correctMkdir /Users/Air/.npm correctMkdir not in flight; initializing
20 verbose afterAdd /Users/Air/.npm/react-native-worldpay/1.0.6/package/package.json written
21 silly publish { name: 'react-native-worldpay',
21 silly publish   version: '1.0.6',
21 silly publish   description: 'react-native-worldpay',
21 silly publish   main: 'index.js',
21 silly publish   scripts: { test: 'echo "Error: no test specified" && exit 1' },
21 silly publish   repository:
21 silly publish    { type: 'git',
21 silly publish      url: 'git+https://github.com/jvssoft/react-native-worldpay.git' },
21 silly publish   keywords: [ 'react', 'native', 'worldpay', 'pay' ],
21 silly publish   author: { name: 'wangzhengjie' },
21 silly publish   license: 'ISC',
21 silly publish   bugs: { url: 'https://github.com/jvssoft/react-native-worldpay/issues' },
21 silly publish   homepage: 'https://github.com/jvssoft/react-native-worldpay#readme',
21 silly publish   readme: '# react-native-worldpay\nreact-native-worldpay cse encrypt\n\nIOS\n\n1.drop RNWorldPay.xcodeproj to you ios project\n2.BuildPhases ->Link Binary With Libraries ->choose libRNWorldPay\n2.Clean and Build you project\n\n\nAndroid\n\nin app build.gradle\nadd  \n//react-native-worldpay\ncompile project(\':react-native-worldpay\')\nin Application \nadd\nnew WorldPayPackage(),\n\njust for this\n',
21 silly publish   readmeFilename: 'README.md',
21 silly publish   gitHead: '92a92c36f492ac66fd6ee398d6cfbe78fbf4cc82',
21 silly publish   _id: 'react-native-worldpay@1.0.6',
21 silly publish   _shasum: '57b591fb7af496e53f2c5f1e24217a8a5091b0d4',
21 silly publish   _from: '.' }
22 verbose getPublishConfig undefined
23 silly mapToRegistry name react-native-worldpay
24 silly mapToRegistry using default registry
25 silly mapToRegistry registry https://registry.npmjs.org/
26 silly mapToRegistry data Result {
26 silly mapToRegistry   raw: 'react-native-worldpay',
26 silly mapToRegistry   scope: null,
26 silly mapToRegistry   escapedName: 'react-native-worldpay',
26 silly mapToRegistry   name: 'react-native-worldpay',
26 silly mapToRegistry   rawSpec: '',
26 silly mapToRegistry   spec: 'latest',
26 silly mapToRegistry   type: 'tag' }
27 silly mapToRegistry uri https://registry.npmjs.org/react-native-worldpay
28 verbose publish registryBase https://registry.npmjs.org/
29 silly publish uploading /Users/Air/.npm/react-native-worldpay/1.0.6/package.tgz
30 verbose request uri https://registry.npmjs.org/react-native-worldpay
31 verbose request sending authorization for write operation
32 info attempt registry request try #1 at 18:42:15
33 verbose request using bearer token for auth
34 verbose request id cf5c5a28413fdd10
35 http request PUT https://registry.npmjs.org/react-native-worldpay
36 http 503 https://registry.npmjs.org/react-native-worldpay
37 verbose bad json <?xml version="1.0" encoding="utf-8"?>
37 verbose bad json <!DOCTYPE html PUBLIC "-//W3C//DTD XHTML 1.0 Strict//EN"
37 verbose bad json  "http://www.w3.org/TR/xhtml1/DTD/xhtml1-strict.dtd">
37 verbose bad json <html>
37 verbose bad json   <head>
37 verbose bad json     <title>503 client read error</title>
37 verbose bad json   </head>
37 verbose bad json   <body>
37 verbose bad json     <h1>Error 503 client read error</h1>
37 verbose bad json     <p>client read error</p>
37 verbose bad json     <h3>Guru Mediation:</h3>
37 verbose bad json     <p>Details: cache-itm7422-ITM 1481108368 2317316109</p>
37 verbose bad json     <hr>
37 verbose bad json     <p>Varnish cache server</p>
37 verbose bad json   </body>
37 verbose bad json </html>
38 error registry error parsing json
39 verbose headers { server: 'Varnish',
39 verbose headers   'retry-after': '0',
39 verbose headers   'content-type': 'text/html; charset=utf-8',
39 verbose headers   'content-length': '445',
39 verbose headers   'accept-ranges': 'bytes',
39 verbose headers   date: 'Wed, 07 Dec 2016 10:59:28 GMT',
39 verbose headers   via: '1.1 varnish',
39 verbose headers   connection: 'close',
39 verbose headers   'x-served-by': 'cache-itm7422-ITM',
39 verbose headers   'x-cache': 'MISS',
39 verbose headers   'x-cache-hits': '0',
39 verbose headers   'x-timer': 'S1481107337.837991,VS0,VE1031085' }
40 info retry will retry, error on last attempt: SyntaxError: Unexpected token < in JSON at position 1
40 info retry
40 info retry <?xml version="1.0" encoding="utf-8"?>
40 info retry <!DOCTYPE html PUBLIC "-//W3C//DTD XHTML 1.0 Strict//EN"
40 info retry  "http://www.w3.org/TR/xhtml1/DTD/xhtml1-strict.dtd">
40 info retry <html>
40 info retry   <head>
40 info retry     <title>503 client read error</title>
40 info retry   </head>
40 info retry   <body>
40 info retry     <h1>Error 503 client read error</h1>
40 info retry     <p>client read error</p>
40 info retry     <h3>Guru Mediation:</h3>
40 info retry     <p>Details: cache-itm7422-ITM 1481108368 2317316109</p>
40 info retry     <hr>
40 info retry     <p>Varnish cache server</p>
40 info retry   </body>
40 info retry </html>
41 info attempt registry request try #2 at 18:59:39
42 verbose request using bearer token for auth
43 http request PUT https://registry.npmjs.org/react-native-worldpay
44 http 403 https://registry.npmjs.org/react-native-worldpay
45 verbose headers { 'content-type': 'application/json',
45 verbose headers   'cache-control': 'max-age=300',
45 verbose headers   'content-length': '95',
45 verbose headers   'accept-ranges': 'bytes',
45 verbose headers   date: 'Wed, 07 Dec 2016 11:21:38 GMT',
45 verbose headers   via: '1.1 varnish',
45 verbose headers   connection: 'keep-alive',
45 verbose headers   'x-served-by': 'cache-sea1926-SEA',
45 verbose headers   'x-cache': 'MISS',
45 verbose headers   'x-cache-hits': '0',
45 verbose headers   'x-timer': 'S1481108382.305116,VS0,VE1316101',
45 verbose headers   vary: 'Accept-Encoding' }
46 verbose request invalidating /Users/Air/.npm/registry.npmjs.org/react-native-worldpay on PUT
47 error publish Failed PUT 403
48 verbose stack Error: "You cannot publish over the previously published version 1.0.6." : react-native-worldpay
48 verbose stack     at makeError (/usr/local/lib/node_modules/npm/node_modules/npm-registry-client/lib/request.js:264:12)
48 verbose stack     at CachingRegistryClient.<anonymous> (/usr/local/lib/node_modules/npm/node_modules/npm-registry-client/lib/request.js:252:14)
48 verbose stack     at Request._callback (/usr/local/lib/node_modules/npm/node_modules/npm-registry-client/lib/request.js:172:14)
48 verbose stack     at Request.self.callback (/usr/local/lib/node_modules/npm/node_modules/request/request.js:200:22)
48 verbose stack     at emitTwo (events.js:106:13)
48 verbose stack     at Request.emit (events.js:191:7)
48 verbose stack     at Request.<anonymous> (/usr/local/lib/node_modules/npm/node_modules/request/request.js:1067:10)
48 verbose stack     at emitOne (events.js:101:20)
48 verbose stack     at Request.emit (events.js:188:7)
48 verbose stack     at IncomingMessage.<anonymous> (/usr/local/lib/node_modules/npm/node_modules/request/request.js:988:12)
49 verbose statusCode 403
50 verbose pkgid react-native-worldpay
51 verbose cwd /Users/Air/Documents/Project/ReactNative/Wigsbuy/node_modules/react-native-worldpay
52 error Darwin 16.1.0
53 error argv "/usr/local/Cellar/node/6.3.0/bin/node" "/usr/local/bin/npm" "publish"
54 error node v6.3.0
55 error npm  v3.10.3
56 error code E403
57 error "You cannot publish over the previously published version 1.0.6." : react-native-worldpay
58 error If you need help, you may report this error at:
58 error     <https://github.com/npm/npm/issues>
59 verbose exit [ 1, true ]
